Using pre-set license
Built from '2020.2/release' branch; Version is '2020.2.1f1 (270dd8c3da1c) revision 2559448'; Using compiler version '192528614'; Build Type 'Release'
OS: 'Windows 10  (10.0.0) 64bit' Language: 'en' Physical Memory: 8166 MB
BatchMode: 1, IsHumanControllingUs: 0, StartBugReporterOnCrash: 0, Is64bit: 1, IsPro: 0

 COMMAND LINE ARGUMENTS:
C:\Program Files\Unity\Hub\Editor\2020.2.1f1\Editor\Unity.exe
-adb2
-batchMode
-noUpm
-name
AssetImportWorker0
-projectPath
D:/Workspace/Unity Workspace/Platfomer
-logFile
Logs/AssetImportWorker0.log
-srvPort
59498
Successfully changed project path to: D:/Workspace/Unity Workspace/Platfomer
D:/Workspace/Unity Workspace/Platfomer
Using Asset Import Pipeline V2.
Refreshing native plugins compatible for Editor in 63.16 ms, found 0 plugins.
Preloading 0 native plugins for Editor in 0.00 ms.
Initialize engine version: 2020.2.1f1 (270dd8c3da1c)
[Subsystems] Discovering subsystems at path C:/Program Files/Unity/Hub/Editor/2020.2.1f1/Editor/Data/Resources/UnitySubsystems
[Subsystems] Discovering subsystems at path D:/Workspace/Unity Workspace/Platfomer/Assets
GfxDevice: creating device client; threaded=0
Direct3D:
    Version:  Direct3D 11.0 [level 11.1]
    Renderer: NVIDIA GeForce GTX 1070 (ID=0x1b81)
    Vendor:   
    VRAM:     8088 MB
    Driver:   26.21.14.4259
Initialize mono
Mono path[0] = 'C:/Program Files/Unity/Hub/Editor/2020.2.1f1/Editor/Data/Managed'
Mono path[1] = 'C:/Program Files/Unity/Hub/Editor/2020.2.1f1/Editor/Data/MonoBleedingEdge/lib/mono/unityjit'
Mono config path = 'C:/Program Files/Unity/Hub/Editor/2020.2.1f1/Editor/Data/MonoBleedingEdge/etc'
Using monoOptions --debugger-agent=transport=dt_socket,embedding=1,server=y,suspend=n,address=127.0.0.1:56684
Begin MonoManager ReloadAssembly
Registering precompiled unity dll's ...
Register platform support module: C:/Program Files/Unity/Hub/Editor/2020.2.1f1/Editor/Data/PlaybackEngines/MacStandaloneSupport/UnityEditor.OSXStandalone.Extensions.dll
Register platform support module: C:/Program Files/Unity/Hub/Editor/2020.2.1f1/Editor/Data/PlaybackEngines/WindowsStandaloneSupport/UnityEditor.WindowsStandalone.Extensions.dll
Register platform support module: C:/Program Files/Unity/Hub/Editor/2020.2.1f1/Editor/Data/PlaybackEngines/LinuxStandaloneSupport/UnityEditor.LinuxStandalone.Extensions.dll
Registered in 0.003118 seconds.
Native extension for LinuxStandalone target not found
Native extension for WindowsStandalone target not found
Native extension for OSXStandalone target not found
Refreshing native plugins compatible for Editor in 65.33 ms, found 0 plugins.
Preloading 0 native plugins for Editor in 0.00 ms.
Invoked RoslynAnalysisRunner static constructor.
RoslynAnalysisRunner will not be running.
RoslynAnalysisRunner has terminated.
Mono: successfully reloaded assembly
- Completed reload, in  1.427 seconds
Platform modules already initialized, skipping
Registering precompiled user dll's ...
Registered in 0.001191 seconds.
Begin MonoManager ReloadAssembly
Native extension for LinuxStandalone target not found
Native extension for WindowsStandalone target not found
Native extension for OSXStandalone target not found
Refreshing native plugins compatible for Editor in 69.92 ms, found 0 plugins.
Preloading 0 native plugins for Editor in 0.00 ms.
Invoked RoslynAnalysisRunner static constructor.
RoslynAnalysisRunner will not be running.
RoslynAnalysisRunner has terminated.
Mono: successfully reloaded assembly
- Completed reload, in  1.296 seconds
Platform modules already initialized, skipping
========================================================================
Worker process is ready to serve import requests
Shader 'Universal Render Pipeline/Particles/Lit': fallback shader 'Universal Render Pipeline/Particles/SimpleLit' not found
Shader 'Universal Render Pipeline/Particles/Lit': fallback shader 'Universal Render Pipeline/Particles/SimpleLit' not found
Launched and connected shader compiler UnityShaderCompiler.exe after 0.03 seconds
Refreshing native plugins compatible for Editor in 0.60 ms, found 0 plugins.
Preloading 0 native plugins for Editor in 0.00 ms.
Unloading 2771 Unused Serialized files (Serialized files now loaded: 0)
System memory in use before: 125.0 MB.
System memory in use after: 123.0 MB.

Unloading 48 unused Assets to reduce memory usage. Loaded Objects now: 3189.
Total: 3.925400 ms (FindLiveObjects: 0.266200 ms CreateObjectMapping: 0.112800 ms MarkObjects: 2.237000 ms  DeleteObjects: 1.308000 ms)

========================================================================
Received Import Request.
  path: Assets/Scripts/PlayerAnimation.cs
  artifactKey: Guid(60a6d16105c049d49b839fdf31e67ec8) Importer(815301076,1909f56bfc062723c751e8b465ee728b)
Start importing Assets/Scripts/PlayerAnimation.cs using Guid(60a6d16105c049d49b839fdf31e67ec8) Importer(815301076,1909f56bfc062723c751e8b465ee728b)  -> (artifact id: 'a5711df3da532d372b844e062343eded') in 0.025891 seconds
  Import took 0.031316 seconds .

========================================================================
Received Import Request.
  Time since last request: 0.000226 seconds.
  path: Assets/Scripts/PlayerBrain.cs
  artifactKey: Guid(9dd993fd4e4721047b8b430ca54b449f) Importer(815301076,1909f56bfc062723c751e8b465ee728b)
Start importing Assets/Scripts/PlayerBrain.cs using Guid(9dd993fd4e4721047b8b430ca54b449f) Importer(815301076,1909f56bfc062723c751e8b465ee728b)  -> (artifact id: 'd7d3f552119ae203eac0c90540b813ca') in 0.025652 seconds
  Import took 0.030624 seconds .

========================================================================
Received Import Request.
  Time since last request: 0.000218 seconds.
  path: Assets/Scripts/Conditions
  artifactKey: Guid(46088f2c838b73f4e9478c23ed74dfc1) Importer(815301076,1909f56bfc062723c751e8b465ee728b)
Start importing Assets/Scripts/Conditions using Guid(46088f2c838b73f4e9478c23ed74dfc1) Importer(815301076,1909f56bfc062723c751e8b465ee728b)  -> (artifact id: 'c5ce9bf9ed5775d28d8a36224f67ebdc') in 0.002054 seconds
  Import took 0.008370 seconds .

========================================================================
Received Import Request.
  Time since last request: 0.444570 seconds.
  path: Assets/Scripts/Movement.cs
  artifactKey: Guid(4a9747a5c9f3da649b70c5c26319e4de) Importer(815301076,1909f56bfc062723c751e8b465ee728b)
Start importing Assets/Scripts/Movement.cs using Guid(4a9747a5c9f3da649b70c5c26319e4de) Importer(815301076,1909f56bfc062723c751e8b465ee728b)  -> (artifact id: 'e27b64e69a8f43e32608ae98dad368ca') in 0.005724 seconds
  Import took 0.011426 seconds .

========================================================================
Received Import Request.
  Time since last request: 0.325515 seconds.
  path: Assets/Scripts/GroundImpactEffect.cs
  artifactKey: Guid(125f8d2e79b7d0e4897be2d4e86cabce) Importer(815301076,1909f56bfc062723c751e8b465ee728b)
Start importing Assets/Scripts/GroundImpactEffect.cs using Guid(125f8d2e79b7d0e4897be2d4e86cabce) Importer(815301076,1909f56bfc062723c751e8b465ee728b)  -> (artifact id: 'c7aa606f09c2adf54c1c1bfdeb02841e') in 0.005887 seconds
  Import took 0.012243 seconds .

========================================================================
Received Import Request.
  Time since last request: 0.001533 seconds.
  path: Assets/Scripts/GroundImpactEffect.cs
  artifactKey: Guid(125f8d2e79b7d0e4897be2d4e86cabce) Importer(815301076,1909f56bfc062723c751e8b465ee728b)
Start importing Assets/Scripts/GroundImpactEffect.cs using Guid(125f8d2e79b7d0e4897be2d4e86cabce) Importer(815301076,1909f56bfc062723c751e8b465ee728b)  -> (artifact id: 'c7aa606f09c2adf54c1c1bfdeb02841e') in 0.002900 seconds
  Import took 0.008469 seconds .

========================================================================
Received Import Request.
  Time since last request: 0.314328 seconds.
  path: Assets/Scripts/FootStepsEffect.cs
  artifactKey: Guid(52dca9474e3fbed40b6d2adecd0b6399) Importer(815301076,1909f56bfc062723c751e8b465ee728b)
Start importing Assets/Scripts/FootStepsEffect.cs using Guid(52dca9474e3fbed40b6d2adecd0b6399) Importer(815301076,1909f56bfc062723c751e8b465ee728b)  -> (artifact id: '817797bc3d0335a31518b3c996fcfefe') in 0.006032 seconds
  Import took 0.011768 seconds .

========================================================================
Received Import Request.
  Time since last request: 0.001795 seconds.
  path: Assets/Scripts/FootStepsEffect.cs
  artifactKey: Guid(52dca9474e3fbed40b6d2adecd0b6399) Importer(815301076,1909f56bfc062723c751e8b465ee728b)
Start importing Assets/Scripts/FootStepsEffect.cs using Guid(52dca9474e3fbed40b6d2adecd0b6399) Importer(815301076,1909f56bfc062723c751e8b465ee728b)  -> (artifact id: '817797bc3d0335a31518b3c996fcfefe') in 0.002013 seconds
  Import took 0.007239 seconds .

========================================================================
Received Import Request.
  Time since last request: 0.280600 seconds.
  path: Assets/Scripts/CharacterCollision.cs
  artifactKey: Guid(4a6a7d37ce2492f4db1b52cf5611ec3b) Importer(815301076,1909f56bfc062723c751e8b465ee728b)
Start importing Assets/Scripts/CharacterCollision.cs using Guid(4a6a7d37ce2492f4db1b52cf5611ec3b) Importer(815301076,1909f56bfc062723c751e8b465ee728b)  -> (artifact id: '05639e13a60d4778dfd094a956af8d54') in 0.005742 seconds
  Import took 0.010903 seconds .

========================================================================
Received Import Request.
  Time since last request: 0.384553 seconds.
  path: Assets/Scripts/AttackAbility.cs
  artifactKey: Guid(d31234cf134c33a4b828f2456e9b84cb) Importer(815301076,1909f56bfc062723c751e8b465ee728b)
Start importing Assets/Scripts/AttackAbility.cs using Guid(d31234cf134c33a4b828f2456e9b84cb) Importer(815301076,1909f56bfc062723c751e8b465ee728b)  -> (artifact id: '2f67e7cc97efb134b576db56f4fcb15e') in 0.001991 seconds
  Import took 0.007214 seconds .

========================================================================
Received Import Request.
  Time since last request: 72.195362 seconds.
  path: Assets/Animation/Attack.anim
  artifactKey: Guid(8c9abd668f1afcb458291c3f37fb8a7f) Importer(815301076,1909f56bfc062723c751e8b465ee728b)
Start importing Assets/Animation/Attack.anim using Guid(8c9abd668f1afcb458291c3f37fb8a7f) Importer(815301076,1909f56bfc062723c751e8b465ee728b)  -> (artifact id: '1c53e5fc71a6055d202481584bc7253a') in 0.032683 seconds
  Import took 0.050347 seconds .

========================================================================
Received Prepare
Registering precompiled user dll's ...
Registered in 0.001361 seconds.
Begin MonoManager ReloadAssembly
Native extension for LinuxStandalone target not found
Native extension for WindowsStandalone target not found
Native extension for OSXStandalone target not found
Refreshing native plugins compatible for Editor in 0.61 ms, found 0 plugins.
Preloading 0 native plugins for Editor in 0.00 ms.
Invoked RoslynAnalysisRunner static constructor.
RoslynAnalysisRunner will not be running.
RoslynAnalysisRunner has terminated.
Mono: successfully reloaded assembly
- Completed reload, in  1.091 seconds
Platform modules already initialized, skipping
Shader 'Universal Render Pipeline/Particles/Lit': fallback shader 'Universal Render Pipeline/Particles/SimpleLit' not found
Shader 'Universal Render Pipeline/Particles/Lit': fallback shader 'Universal Render Pipeline/Particles/SimpleLit' not found
Refreshing native plugins compatible for Editor in 0.59 ms, found 0 plugins.
Preloading 0 native plugins for Editor in 0.00 ms.
Unloading 2692 Unused Serialized files (Serialized files now loaded: 0)
System memory in use before: 122.1 MB.
System memory in use after: 120.2 MB.

Unloading 37 unused Assets to reduce memory usage. Loaded Objects now: 3191.
Total: 3.916300 ms (FindLiveObjects: 0.420600 ms CreateObjectMapping: 0.126700 ms MarkObjects: 2.052600 ms  DeleteObjects: 1.315200 ms)

========================================================================
Received Import Request.
  Time since last request: 5.533270 seconds.
  path: Assets/Animation/PlayerAttack.anim
  artifactKey: Guid(8c9abd668f1afcb458291c3f37fb8a7f) Importer(815301076,1909f56bfc062723c751e8b465ee728b)
Start importing Assets/Animation/PlayerAttack.anim using Guid(8c9abd668f1afcb458291c3f37fb8a7f) Importer(815301076,1909f56bfc062723c751e8b465ee728b)  -> (artifact id: '42c7c88240f25e43dfbe747f4c6222ef') in 0.018516 seconds
  Import took 0.023668 seconds .

========================================================================
Received Prepare
Registering precompiled user dll's ...
Registered in 0.001342 seconds.
Begin MonoManager ReloadAssembly
Native extension for LinuxStandalone target not found
Native extension for WindowsStandalone target not found
Native extension for OSXStandalone target not found
Refreshing native plugins compatible for Editor in 0.60 ms, found 0 plugins.
Preloading 0 native plugins for Editor in 0.00 ms.
Invoked RoslynAnalysisRunner static constructor.
RoslynAnalysisRunner will not be running.
RoslynAnalysisRunner has terminated.
Mono: successfully reloaded assembly
- Completed reload, in  1.100 seconds
Platform modules already initialized, skipping
Shader 'Universal Render Pipeline/Particles/Lit': fallback shader 'Universal Render Pipeline/Particles/SimpleLit' not found
Shader 'Universal Render Pipeline/Particles/Lit': fallback shader 'Universal Render Pipeline/Particles/SimpleLit' not found
Refreshing native plugins compatible for Editor in 0.61 ms, found 0 plugins.
Preloading 0 native plugins for Editor in 0.00 ms.
Unloading 2692 Unused Serialized files (Serialized files now loaded: 0)
System memory in use before: 123.1 MB.
System memory in use after: 121.2 MB.

Unloading 37 unused Assets to reduce memory usage. Loaded Objects now: 3193.
Total: 3.929300 ms (FindLiveObjects: 0.309100 ms CreateObjectMapping: 0.096800 ms MarkObjects: 2.073300 ms  DeleteObjects: 1.448300 ms)

========================================================================
Received Import Request.
  Time since last request: 113.332196 seconds.
  path: Assets/Scripts/AttackAbility.cs
  artifactKey: Guid(d31234cf134c33a4b828f2456e9b84cb) Importer(815301076,1909f56bfc062723c751e8b465ee728b)
Start importing Assets/Scripts/AttackAbility.cs using Guid(d31234cf134c33a4b828f2456e9b84cb) Importer(815301076,1909f56bfc062723c751e8b465ee728b)  -> (artifact id: '7ceeec7630c55900d19127018299502b') in 0.023160 seconds
  Import took 0.052771 seconds .

AssetImportWorkerClient::OnTransportError - code=2 error=End of file
